  L=0  Ns=2331924  diag 907.8s  Emin=-10.224737
  L=1  Ns=2331924  diag 907.3s  Emin=-10.186589
  L=2  Ns=2331924  diag 840.8s  Emin=-10.165326
  L=3  Ns=2331924  diag 880.4s  Emin=-10.158208
  L=4  Ns=2331924  diag 925.1s  Emin=-10.166420
  L=5  Ns=2331924  diag 857.6s  Emin=-10.234546
Total diag: 6666.7s
ED done in 6666.8s, got 180 levels
Saved data: kagome_disk_nb5_vnnn1p5_vnn5_n30.npz
Saved plot: kagome_disk_nb5_vnnn1p5_spectrum_vnn5_n30.png

All 30 lowest levels (E - E0, L):
  E-E0 = +0.000000   L = 5
  E-E0 = +0.009809   L = 0
  E-E0 = +0.039831   L = 0
  E-E0 = +0.047957   L = 1
  E-E0 = +0.064386   L = 1
  E-E0 = +0.068126   L = 4
  E-E0 = +0.069220   L = 2
  E-E0 = +0.076338   L = 3
  E-E0 = +0.078603   L = 2
  E-E0 = +0.081150   L = 3
  E-E0 = +0.083313   L = 1
  E-E0 = +0.090550   L = 2
  E-E0 = +0.095093   L = 4
  E-E0 = +0.107836   L = 5
  E-E0 = +0.112988   L = 2
  E-E0 = +0.113836   L = 3
  E-E0 = +0.113878   L = 4
  E-E0 = +0.122092   L = 1
  E-E0 = +0.123850   L = 3
  E-E0 = +0.127151   L = 3
  E-E0 = +0.127204   L = 4
  E-E0 = +0.128361   L = 5
  E-E0 = +0.130778   L = 0
  E-E0 = +0.133662   L = 2
  E-E0 = +0.140828   L = 1
  E-E0 = +0.143877   L = 3
  E-E0 = +0.143996   L = 5
  E-E0 = +0.144246   L = 2
  E-E0 = +0.144277   L = 1
  E-E0 = +0.145265   L = 4
