Nb=5, V_nn=4.0, V_nnn=4.0, k_per_sector=30
  L=0  Ns=2331924  diag 827.3s  Emin=-10.208043
  L=1  Ns=2331924  diag 858.5s  Emin=-10.170694
  L=2  Ns=2331924  diag 851.5s  Emin=-10.152908
  L=3  Ns=2331924  diag 865.9s  Emin=-10.146995
  L=4  Ns=2331924  diag 942.1s  Emin=-10.158915
  L=5  Ns=2331924  diag 846.9s  Emin=-10.225036

ED total: 6525.7s

Lowest 100 states:
  k=  0  E=-10.225036  dE=+0.000000  L=5
  k=  1  E=-10.208043  dE=+0.016993  L=0
  k=  2  E=-10.184929  dE=+0.040107  L=0
  k=  3  E=-10.170694  dE=+0.054342  L=1
  k=  4  E=-10.159824  dE=+0.065211  L=1
  k=  5  E=-10.158915  dE=+0.066120  L=4
  k=  6  E=-10.152908  dE=+0.072127  L=2
  k=  7  E=-10.146995  dE=+0.078041  L=3
  k=  8  E=-10.142408  dE=+0.082628  L=2
  k=  9  E=-10.140447  dE=+0.084589  L=1
  k= 10  E=-10.140317  dE=+0.084719  L=3
  k= 11  E=-10.126848  dE=+0.098188  L=2
  k= 12  E=-10.125483  dE=+0.099553  L=4
  k= 13  E=-10.117705  dE=+0.107331  L=5
  k= 14  E=-10.110848  dE=+0.114188  L=2
  k= 15  E=-10.108519  dE=+0.116516  L=3
  k= 16  E=-10.104844  dE=+0.120192  L=4
  k= 17  E=-10.098532  dE=+0.126504  L=4
  k= 18  E=-10.096810  dE=+0.128226  L=3
  k= 19  E=-10.095265  dE=+0.129771  L=0
  k= 20  E=-10.092849  dE=+0.132186  L=5
  k= 21  E=-10.089967  dE=+0.135069  L=3
  k= 22  E=-10.089431  dE=+0.135605  L=1
  k= 23  E=-10.086347  dE=+0.138689  L=2
  k= 24  E=-10.085026  dE=+0.140010  L=1
  k= 25  E=-10.075227  dE=+0.149809  L=3
  k= 26  E=-10.075008  dE=+0.150028  L=5
  k= 27  E=-10.074492  dE=+0.150544  L=2
  k= 28  E=-10.072260  dE=+0.152776  L=5
  k= 29  E=-10.072174  dE=+0.152861  L=0
  k= 30  E=-10.072085  dE=+0.152951  L=4
  k= 31  E=-10.069476  dE=+0.155560  L=5
  k= 32  E=-10.068403  dE=+0.156633  L=3
  k= 33  E=-10.067754  dE=+0.157282  L=4
  k= 34  E=-10.065835  dE=+0.159201  L=1
  k= 35  E=-10.065691  dE=+0.159345  L=0
  k= 36  E=-10.060644  dE=+0.164392  L=3
  k= 37  E=-10.058129  dE=+0.166907  L=5
  k= 38  E=-10.057626  dE=+0.167410  L=4
  k= 39  E=-10.054572  dE=+0.170464  L=3
  k= 40  E=-10.053445  dE=+0.171590  L=0
  k= 41  E=-10.051986  dE=+0.173050  L=4
  k= 42  E=-10.050608  dE=+0.174428  L=1
  k= 43  E=-10.049785  dE=+0.175250  L=5
  k= 44  E=-10.047101  dE=+0.177935  L=0
  k= 45  E=-10.043531  dE=+0.181505  L=3
  k= 46  E=-10.043525  dE=+0.181510  L=1
  k= 47  E=-10.040954  dE=+0.184082  L=2
  k= 48  E=-10.040735  dE=+0.184301  L=4
  k= 49  E=-10.040573  dE=+0.184462  L=0
  k= 50  E=-10.036710  dE=+0.188326  L=5
  k= 51  E=-10.033319  dE=+0.191717  L=1
  k= 52  E=-10.032873  dE=+0.192163  L=2
  k= 53  E=-10.031395  dE=+0.193640  L=0
  k= 54  E=-10.031124  dE=+0.193912  L=5
  k= 55  E=-10.031016  dE=+0.194020  L=4
  k= 56  E=-10.023509  dE=+0.201527  L=0
  k= 57  E=-10.022211  dE=+0.202825  L=5
  k= 58  E=-10.019863  dE=+0.205173  L=1
  k= 59  E=-10.019685  dE=+0.205351  L=4
  k= 60  E=-10.018423  dE=+0.206613  L=3
  k= 61  E=-10.017793  dE=+0.207243  L=2
  k= 62  E=-10.017788  dE=+0.207248  L=1
  k= 63  E=-10.016983  dE=+0.208053  L=4
  k= 64  E=-10.014351  dE=+0.210685  L=0
  k= 65  E=-10.011548  dE=+0.213488  L=2
  k= 66  E=-10.011186  dE=+0.213849  L=5
  k= 67  E=-10.009765  dE=+0.215271  L=0
  k= 68  E=-10.006725  dE=+0.218310  L=2
  k= 69  E=-10.005910  dE=+0.219126  L=1
  k= 70  E=-10.005092  dE=+0.219944  L=5
  k= 71  E=-10.004275  dE=+0.220761  L=3
  k= 72  E=-10.002534  dE=+0.222502  L=4
  k= 73  E=-10.000869  dE=+0.224167  L=3
  k= 74  E=-10.000401  dE=+0.224635  L=1
  k= 75  E=-10.000210  dE=+0.224826  L=4
  k= 76  E=-10.000144  dE=+0.224892  L=2
  k= 77  E=-9.999202  dE=+0.225833  L=0
  k= 78  E=-9.995833  dE=+0.229203  L=0
  k= 79  E=-9.995349  dE=+0.229687  L=1
  k= 80  E=-9.994928  dE=+0.230107  L=5
  k= 81  E=-9.993542  dE=+0.231494  L=5
  k= 82  E=-9.993289  dE=+0.231747  L=3
  k= 83  E=-9.992541  dE=+0.232494  L=2
  k= 84  E=-9.989402  dE=+0.235633  L=1
  k= 85  E=-9.987727  dE=+0.237308  L=0
  k= 86  E=-9.987062  dE=+0.237974  L=1
  k= 87  E=-9.985506  dE=+0.239530  L=2
  k= 88  E=-9.984570  dE=+0.240465  L=2
  k= 89  E=-9.982876  dE=+0.242160  L=4
  k= 90  E=-9.982409  dE=+0.242627  L=5
  k= 91  E=-9.982044  dE=+0.242991  L=3
  k= 92  E=-9.980559  dE=+0.244476  L=3
  k= 93  E=-9.979951  dE=+0.245085  L=1
  k= 94  E=-9.979765  dE=+0.245270  L=5
  k= 95  E=-9.978957  dE=+0.246079  L=1
  k= 96  E=-9.977476  dE=+0.247560  L=4
  k= 97  E=-9.976332  dE=+0.248703  L=0
  k= 98  E=-9.974929  dE=+0.250107  L=5
  k= 99  E=-9.973671  dE=+0.251365  L=0

GS in L=5, E=-10.225036

Computing orbit-averaged density ...
  done in 2.1s, sum(n_i)=5.0000 (expect 5)
Saved data: data/nb5/kagome_density_nb5_vnn4_vnnn4.npz
Saved spectrum: figures/nb5/vnnn4_vnn_1to5_spectra/spectrum_vnn4p0_n100.png
Saved density: figures/nb5/vnnn4_vnn_1to5_spectra/density_vnn4p0.png

Sublattice statistics (C6-symmetric):
  sublat A: n_sites=24, mean=0.0694, max=0.1371, sum=1.6667
  sublat B: n_sites=24, mean=0.0694, max=0.1371, sum=1.6667
  sublat C: n_sites=24, mean=0.0694, max=0.1371, sum=1.6667
