
======================================================================
Nb=5, V_nn=5.0, V_nnn=5.0, V_trap=0.01 (2x)
======================================================================
  L=0  Ns=2331924  diag 714.1s  Emin=-9.310821
  L=1  Ns=2331924  diag 836.2s  Emin=-9.253834
  L=2  Ns=2331924  diag 887.6s  Emin=-9.208854
  L=3  Ns=2331924  diag 875.0s  Emin=-9.192233
  L=4  Ns=2331924  diag 940.7s  Emin=-9.178588
  L=5  Ns=2331924  diag 741.3s  Emin=-9.245515
  ED total: 6327.5s
  Lowest 5: E=-9.3108(L=0), E=-9.2538(L=1), E=-9.2455(L=5), E=-9.2333(L=1), E=-9.2089(L=2)
  GS: L=0, E=-9.310821, gap=0.0570
  density done in 2.1s, sum=5.0000
  saved npz: data/nb5/kagome_density_nb5_vnn5_vnnn5_trap2x.npz
  saved spectrum: figures/nb5/trap2x_eq_diag/spectrum_vnn5_vnnn5_trap2x_n100.png
  saved density: figures/nb5/trap2x_eq_diag/density_vnn5_vnnn5_trap2x.png
  Sublattice:  A,B,C means = 0.0694, 0.0694, 0.0694
  density: max=0.1403 min=0.0037 std=0.0527

======================================================================
Nb=5, V_nn=6.0, V_nnn=6.0, V_trap=0.01 (2x)
======================================================================
  L=0  Ns=2331924  diag 865.4s  Emin=-9.287887
  L=1  Ns=2331924  diag 861.2s  Emin=-9.226851
  L=2  Ns=2331924  diag 836.2s  Emin=-9.183963
  L=3  Ns=2331924  diag 899.8s  Emin=-9.159895
  L=4  Ns=2331924  diag 870.8s  Emin=-9.148385
  L=5  Ns=2331924  diag 761.4s  Emin=-9.232734
  ED total: 6411.0s
  Lowest 5: E=-9.2879(L=0), E=-9.2327(L=5), E=-9.2269(L=1), E=-9.1962(L=1), E=-9.1840(L=2)
  GS: L=0, E=-9.287887, gap=0.0552
  density done in 2.0s, sum=5.0000
  saved npz: data/nb5/kagome_density_nb5_vnn6_vnnn6_trap2x.npz
  saved spectrum: figures/nb5/trap2x_eq_diag/spectrum_vnn6_vnnn6_trap2x_n100.png
  saved density: figures/nb5/trap2x_eq_diag/density_vnn6_vnnn6_trap2x.png
  Sublattice:  A,B,C means = 0.0694, 0.0694, 0.0694
  density: max=0.1400 min=0.0037 std=0.0526
