Nb=5, V_nn=3.0, V_nnn=4.5,  k_per_sector=30
  L=0  Ns=2331924  diag 1028.7s  Emin=-10.199947
  L=1  Ns=2331924  diag 1002.1s  Emin=-10.163487
  L=2  Ns=2331924  diag 977.0s  Emin=-10.147674
  L=3  Ns=2331924  diag 999.1s  Emin=-10.142576
  L=4  Ns=2331924  diag 1085.9s  Emin=-10.155408
  L=5  Ns=2331924  diag 942.9s  Emin=-10.220163

ED total: 7538.0s

Lowest 100 states:
  k=  0  E=-10.220163  dE=+0.000000  L=5
  k=  1  E=-10.199947  dE=+0.020216  L=0
  k=  2  E=-10.179928  dE=+0.040235  L=0
  k=  3  E=-10.163487  dE=+0.056676  L=1
  k=  4  E=-10.155408  dE=+0.064755  L=4
  k=  5  E=-10.154190  dE=+0.065973  L=1
  k=  6  E=-10.147674  dE=+0.072489  L=2
  k=  7  E=-10.142576  dE=+0.077587  L=3
  k=  8  E=-10.135109  dE=+0.085053  L=1
  k=  9  E=-10.134901  dE=+0.085262  L=2
  k= 10  E=-10.132760  dE=+0.087403  L=3
  k= 11  E=-10.118618  dE=+0.101545  L=4
  k= 12  E=-10.118547  dE=+0.101615  L=2
  k= 13  E=-10.113555  dE=+0.106608  L=5
  k= 14  E=-10.105531  dE=+0.114631  L=2
  k= 15  E=-10.103450  dE=+0.116713  L=3
  k= 16  E=-10.097269  dE=+0.122894  L=4
  k= 17  E=-10.094385  dE=+0.125778  L=4
  k= 18  E=-10.091439  dE=+0.128723  L=0
  k= 19  E=-10.090078  dE=+0.130084  L=3
  k= 20  E=-10.086260  dE=+0.133903  L=5
  k= 21  E=-10.084306  dE=+0.135857  L=1
  k= 22  E=-10.081712  dE=+0.138451  L=3
  k= 23  E=-10.080170  dE=+0.139993  L=2
  k= 24  E=-10.075106  dE=+0.145057  L=1
  k= 25  E=-10.069328  dE=+0.150835  L=5
  k= 26  E=-10.068953  dE=+0.151210  L=3
  k= 27  E=-10.066858  dE=+0.153304  L=0
  k= 28  E=-10.066429  dE=+0.153734  L=2
  k= 29  E=-10.066186  dE=+0.153976  L=4
  k= 30  E=-10.064010  dE=+0.156153  L=5
  k= 31  E=-10.063097  dE=+0.157066  L=5
  k= 32  E=-10.061456  dE=+0.158706  L=3
  k= 33  E=-10.060913  dE=+0.159250  L=0
  k= 34  E=-10.060426  dE=+0.159737  L=4
  k= 35  E=-10.055965  dE=+0.164198  L=1
  k= 36  E=-10.053988  dE=+0.166175  L=3
  k= 37  E=-10.050724  dE=+0.169439  L=5
  k= 38  E=-10.050590  dE=+0.169573  L=4
  k= 39  E=-10.048586  dE=+0.171577  L=0
  k= 40  E=-10.048434  dE=+0.171729  L=3
  k= 41  E=-10.045186  dE=+0.174977  L=4
  k= 42  E=-10.045179  dE=+0.174984  L=1
  k= 43  E=-10.044486  dE=+0.175677  L=5
  k= 44  E=-10.040867  dE=+0.179296  L=0
  k= 45  E=-10.039828  dE=+0.180335  L=1
  k= 46  E=-10.037575  dE=+0.182588  L=2
  k= 47  E=-10.036183  dE=+0.183980  L=3
  k= 48  E=-10.033659  dE=+0.186504  L=4
  k= 49  E=-10.032538  dE=+0.187625  L=0
  k= 50  E=-10.028901  dE=+0.191262  L=2
  k= 51  E=-10.028477  dE=+0.191686  L=1
  k= 52  E=-10.028224  dE=+0.191939  L=5
  k= 53  E=-10.024220  dE=+0.195943  L=0
  k= 54  E=-10.022996  dE=+0.197166  L=5
  k= 55  E=-10.021240  dE=+0.198923  L=4
  k= 56  E=-10.016638  dE=+0.203525  L=5
  k= 57  E=-10.015793  dE=+0.204370  L=4
  k= 58  E=-10.014893  dE=+0.205270  L=0
  k= 59  E=-10.013447  dE=+0.206716  L=1
  k= 60  E=-10.011600  dE=+0.208563  L=1
  k= 61  E=-10.011366  dE=+0.208797  L=4
  k= 62  E=-10.009401  dE=+0.210761  L=3
  k= 63  E=-10.006978  dE=+0.213185  L=0
  k= 64  E=-10.005696  dE=+0.214467  L=2
  k= 65  E=-10.004563  dE=+0.215600  L=2
  k= 66  E=-10.003832  dE=+0.216331  L=0
  k= 67  E=-10.003130  dE=+0.217033  L=5
  k= 68  E=-10.000902  dE=+0.219261  L=1
  k= 69  E=-10.000137  dE=+0.220026  L=2
  k= 70  E=-9.997338  dE=+0.222825  L=3
  k= 71  E=-9.996641  dE=+0.223522  L=3
  k= 72  E=-9.996049  dE=+0.224114  L=5
  k= 73  E=-9.995174  dE=+0.224988  L=4
  k= 74  E=-9.994810  dE=+0.225353  L=2
  k= 75  E=-9.993521  dE=+0.226642  L=0
  k= 76  E=-9.993232  dE=+0.226931  L=1
  k= 77  E=-9.990913  dE=+0.229250  L=5
  k= 78  E=-9.990307  dE=+0.229856  L=4
  k= 79  E=-9.987750  dE=+0.232413  L=2
  k= 80  E=-9.987610  dE=+0.232553  L=1
  k= 81  E=-9.987022  dE=+0.233141  L=0
  k= 82  E=-9.986880  dE=+0.233283  L=3
  k= 83  E=-9.985751  dE=+0.234412  L=5
  k= 84  E=-9.981976  dE=+0.238187  L=1
  k= 85  E=-9.980974  dE=+0.239189  L=2
  k= 86  E=-9.980558  dE=+0.239604  L=1
  k= 87  E=-9.979005  dE=+0.241158  L=0
  k= 88  E=-9.978167  dE=+0.241996  L=4
  k= 89  E=-9.978131  dE=+0.242032  L=3
  k= 90  E=-9.977296  dE=+0.242867  L=2
  k= 91  E=-9.975686  dE=+0.244477  L=5
  k= 92  E=-9.974398  dE=+0.245765  L=5
  k= 93  E=-9.973794  dE=+0.246368  L=1
  k= 94  E=-9.972341  dE=+0.247822  L=4
  k= 95  E=-9.971491  dE=+0.248672  L=1
  k= 96  E=-9.970618  dE=+0.249545  L=3
  k= 97  E=-9.970328  dE=+0.249835  L=0
  k= 98  E=-9.967870  dE=+0.252293  L=0
  k= 99  E=-9.967543  dE=+0.252620  L=5

GS in L=5, E=-10.220163
Computing site densities ...
  done in 5.9s, sum(n_i)=5.0000 (expect 5)
Saved data: data/nb5/kagome_density_nb5_vnn3_vnnn4p5.npz
Saved spectrum: figures/nb5/kagome_disk_nb5_vnn3_vnnn4p5_spectrum_n100.png
Saved density: figures/nb5/kagome_density_nb5_vnn3_vnnn4p5.png
