Nb=5, V_nn=4.0, V_nnn=4.0, V_trap=0.01 (2x default)
  L=0  Ns=2331924  diag 696.5s  Emin=-9.340037
  L=1  Ns=2331924  diag 812.1s  Emin=-9.297720
  L=2  Ns=2331924  diag 851.8s  Emin=-9.243331
  L=3  Ns=2331924  diag 838.5s  Emin=-9.241275
  L=4  Ns=2331924  diag 810.9s  Emin=-9.221930
  L=5  Ns=2331924  diag 700.0s  Emin=-9.262001

ED total: 6047.9s

Lowest 100 states:
  k=  0  E=-9.340037  dE=+0.000000  L=0
  k=  1  E=-9.297720  dE=+0.042317  L=1
  k=  2  E=-9.272229  dE=+0.067807  L=1
  k=  3  E=-9.262001  dE=+0.078035  L=5
  k=  4  E=-9.243331  dE=+0.096706  L=2
  k=  5  E=-9.241275  dE=+0.098762  L=3
  k=  6  E=-9.221930  dE=+0.118107  L=4
  k=  7  E=-9.213723  dE=+0.126314  L=2
  k=  8  E=-9.209853  dE=+0.130184  L=3
  k=  9  E=-9.202811  dE=+0.137226  L=2
  k= 10  E=-9.199008  dE=+0.141029  L=0
  k= 11  E=-9.192130  dE=+0.147906  L=5
  k= 12  E=-9.187587  dE=+0.152449  L=1
  k= 13  E=-9.170663  dE=+0.169374  L=4
  k= 14  E=-9.163687  dE=+0.176350  L=2
  k= 15  E=-9.163677  dE=+0.176360  L=3
  k= 16  E=-9.162245  dE=+0.177792  L=5
  k= 17  E=-9.155560  dE=+0.184477  L=4
  k= 18  E=-9.152033  dE=+0.188004  L=1
  k= 19  E=-9.150928  dE=+0.189109  L=3
  k= 20  E=-9.150066  dE=+0.189970  L=4
  k= 21  E=-9.138041  dE=+0.201996  L=3
  k= 22  E=-9.130608  dE=+0.209429  L=0
  k= 23  E=-9.129962  dE=+0.210075  L=1
  k= 24  E=-9.121827  dE=+0.218210  L=2
  k= 25  E=-9.118312  dE=+0.221725  L=0
  k= 26  E=-9.116244  dE=+0.223793  L=3
  k= 27  E=-9.114781  dE=+0.225256  L=5
  k= 28  E=-9.111220  dE=+0.228817  L=3
  k= 29  E=-9.105475  dE=+0.234562  L=4
  k= 30  E=-9.104983  dE=+0.235053  L=5
  k= 31  E=-9.102951  dE=+0.237085  L=2
  k= 32  E=-9.102072  dE=+0.237965  L=3
  k= 33  E=-9.099560  dE=+0.240477  L=4
  k= 34  E=-9.094200  dE=+0.245836  L=5
  k= 35  E=-9.091387  dE=+0.248650  L=0
  k= 36  E=-9.088133  dE=+0.251904  L=4
  k= 37  E=-9.086708  dE=+0.253329  L=4
  k= 38  E=-9.086630  dE=+0.253407  L=5
  k= 39  E=-9.081759  dE=+0.258277  L=3
  k= 40  E=-9.079824  dE=+0.260213  L=2
  k= 41  E=-9.078953  dE=+0.261084  L=1
  k= 42  E=-9.073705  dE=+0.266332  L=2
  k= 43  E=-9.069855  dE=+0.270182  L=4
  k= 44  E=-9.067118  dE=+0.272918  L=1
  k= 45  E=-9.065727  dE=+0.274310  L=5
  k= 46  E=-9.061665  dE=+0.278371  L=0
  k= 47  E=-9.059772  dE=+0.280265  L=5
  k= 48  E=-9.058346  dE=+0.281691  L=1
  k= 49  E=-9.057824  dE=+0.282213  L=0
  k= 50  E=-9.052643  dE=+0.287394  L=4
  k= 51  E=-9.050739  dE=+0.289297  L=3
  k= 52  E=-9.049613  dE=+0.290424  L=4
  k= 53  E=-9.049266  dE=+0.290771  L=2
  k= 54  E=-9.047863  dE=+0.292174  L=5
  k= 55  E=-9.045833  dE=+0.294204  L=4
  k= 56  E=-9.042510  dE=+0.297527  L=5
  k= 57  E=-9.039218  dE=+0.300819  L=1
  k= 58  E=-9.034136  dE=+0.305901  L=0
  k= 59  E=-9.034079  dE=+0.305957  L=5
  k= 60  E=-9.033912  dE=+0.306125  L=3
  k= 61  E=-9.031279  dE=+0.308757  L=0
  k= 62  E=-9.030691  dE=+0.309346  L=2
  k= 63  E=-9.030042  dE=+0.309994  L=4
  k= 64  E=-9.027808  dE=+0.312229  L=0
  k= 65  E=-9.026032  dE=+0.314005  L=2
  k= 66  E=-9.025248  dE=+0.314789  L=5
  k= 67  E=-9.023488  dE=+0.316549  L=4
  k= 68  E=-9.021764  dE=+0.318273  L=3
  k= 69  E=-9.021562  dE=+0.318475  L=0
  k= 70  E=-9.019421  dE=+0.320616  L=0
  k= 71  E=-9.016084  dE=+0.323952  L=1
  k= 72  E=-9.013232  dE=+0.326805  L=1
  k= 73  E=-9.010863  dE=+0.329174  L=5
  k= 74  E=-9.007660  dE=+0.332377  L=0
  k= 75  E=-9.006970  dE=+0.333067  L=3
  k= 76  E=-9.005545  dE=+0.334492  L=5
  k= 77  E=-9.002226  dE=+0.337811  L=0
  k= 78  E=-9.001526  dE=+0.338511  L=2
  k= 79  E=-8.998686  dE=+0.341351  L=1
  k= 80  E=-8.995936  dE=+0.344100  L=1
  k= 81  E=-8.995758  dE=+0.344278  L=2
  k= 82  E=-8.994308  dE=+0.345729  L=0
  k= 83  E=-8.992750  dE=+0.347287  L=5
  k= 84  E=-8.991145  dE=+0.348891  L=4
  k= 85  E=-8.989739  dE=+0.350298  L=5
  k= 86  E=-8.987773  dE=+0.352263  L=4
  k= 87  E=-8.984746  dE=+0.355291  L=3
  k= 88  E=-8.983782  dE=+0.356254  L=0
  k= 89  E=-8.983173  dE=+0.356863  L=1
  k= 90  E=-8.979705  dE=+0.360332  L=5
  k= 91  E=-8.979327  dE=+0.360710  L=4
  k= 92  E=-8.976628  dE=+0.363409  L=5
  k= 93  E=-8.974654  dE=+0.365383  L=0
  k= 94  E=-8.974451  dE=+0.365586  L=1
  k= 95  E=-8.973858  dE=+0.366179  L=2
  k= 96  E=-8.972871  dE=+0.367166  L=3
  k= 97  E=-8.971806  dE=+0.368231  L=5
  k= 98  E=-8.968794  dE=+0.371243  L=2
  k= 99  E=-8.968024  dE=+0.372012  L=0

GS in L=0, E=-9.340037

Computing orbit-averaged density ...
  done in 2.1s, sum=5.0000
Saved data: data/nb5/kagome_density_nb5_vnn4_vnnn4_trap2x.npz
Saved spectrum: figures/nb5/vnn4_vnnn4_trap2x/spectrum_vnn4p0_vnnn4p0_trap2x_n100.png
Saved density: figures/nb5/vnn4_vnnn4_trap2x/density_vnn4p0_vnnn4p0_trap2x.png

Sublattice statistics (C6-symmetric):
  sublat A: n_sites=24, mean=0.0694, max=0.1407, sum=1.6667
  sublat B: n_sites=24, mean=0.0694, max=0.1407, sum=1.6667
  sublat C: n_sites=24, mean=0.0694, max=0.1407, sum=1.6667
