Nb=5, V_nn=8.0, V_nnn=8.0, V_trap=0.01 (2x)
  L=0  Ns=2331924  diag 871.3s  Emin=-9.254172
  L=1  Ns=2331924  diag 944.0s  Emin=-9.190920
  L=2  Ns=2331924  diag 1078.2s  Emin=-9.148706
  L=3  Ns=2331924  diag 1096.2s  Emin=-9.126794
  L=4  Ns=2331924  diag 1011.6s  Emin=-9.110967
  L=5  Ns=2331924  diag 917.2s  Emin=-9.213948
ED total: 7237.1s

Lowest 12:
  k= 0  E=-9.254172  dE=+0.000000  L=0
  k= 1  E=-9.213948  dE=+0.040224  L=5
  k= 2  E=-9.190920  dE=+0.063252  L=1
  k= 3  E=-9.150001  dE=+0.104170  L=0
  k= 4  E=-9.148706  dE=+0.105465  L=2
  k= 5  E=-9.140732  dE=+0.113440  L=1
  k= 6  E=-9.126794  dE=+0.127377  L=3
  k= 7  E=-9.120084  dE=+0.134087  L=2
  k= 8  E=-9.110967  dE=+0.143205  L=4
  k= 9  E=-9.103501  dE=+0.150671  L=3
  k=10  E=-9.103240  dE=+0.150932  L=1
  k=11  E=-9.076482  dE=+0.177689  L=2

GS: L=0, E=-9.254172, gap=0.0402
density done in 2.3s, sum=5.0000
saved npz: data/nb5/kagome_density_nb5_vnn8_vnnn8_trap2x.npz
saved spectrum: figures/nb5/trap2x_eq_diag/spectrum_vnn8_vnnn8_trap2x_n100.png
saved density: figures/nb5/trap2x_eq_diag/density_vnn8_vnnn8_trap2x.png

Sublattice means: A=0.0694, B=0.0694, C=0.0694
density: max=0.1404 min=0.0037 std=0.0525
