  L=0  Ns=  9948  diag   9.8s  Emin=-6.422623
  L=1  Ns=  9936  diag   9.3s  Emin=-6.401274
  L=2  Ns=  9936  diag   9.2s  Emin=-6.401959
  L=3  Ns=  9948  diag   9.3s  Emin=-6.444417
  L=4  Ns=  9936  diag  10.2s  Emin=-6.436503
  L=5  Ns=  9936  diag  10.3s  Emin=-6.419126
Total diag: 66.6s

Lowest 100 states (Nb=3, V_nn=1.0, V_nnn=1.5):
  k=  0  E=-6.444417  dE= 0.000000  L_tot=3
  k=  1  E=-6.436503  dE= 0.007913  L_tot=4
  k=  2  E=-6.422623  dE= 0.021793  L_tot=0
  k=  3  E=-6.419126  dE= 0.025291  L_tot=5
  k=  4  E=-6.401959  dE= 0.042458  L_tot=2
  k=  5  E=-6.401274  dE= 0.043142  L_tot=1
  k=  6  E=-6.400499  dE= 0.043918  L_tot=5
  k=  7  E=-6.400256  dE= 0.044160  L_tot=0
  k=  8  E=-6.393526  dE= 0.050891  L_tot=1
  k=  9  E=-6.385772  dE= 0.058645  L_tot=0
  k= 10  E=-6.384768  dE= 0.059649  L_tot=3
  k= 11  E=-6.379417  dE= 0.065000  L_tot=2
  k= 12  E=-6.375206  dE= 0.069211  L_tot=1
  k= 13  E=-6.365049  dE= 0.079367  L_tot=2
  k= 14  E=-6.364453  dE= 0.079964  L_tot=0
  k= 15  E=-6.362994  dE= 0.081423  L_tot=3
  k= 16  E=-6.358984  dE= 0.085433  L_tot=1
  k= 17  E=-6.355732  dE= 0.088684  L_tot=4
  k= 18  E=-6.351631  dE= 0.092786  L_tot=1
  k= 19  E=-6.351030  dE= 0.093387  L_tot=3
  k= 20  E=-6.350235  dE= 0.094182  L_tot=2
  k= 21  E=-6.340379  dE= 0.104037  L_tot=2
  k= 22  E=-6.340200  dE= 0.104217  L_tot=3
  k= 23  E=-6.338295  dE= 0.106122  L_tot=4
  k= 24  E=-6.329926  dE= 0.114491  L_tot=4
  k= 25  E=-6.328414  dE= 0.116002  L_tot=2
  k= 26  E=-6.325865  dE= 0.118552  L_tot=5
  k= 27  E=-6.323592  dE= 0.120824  L_tot=4
  k= 28  E=-6.321932  dE= 0.122485  L_tot=3
  k= 29  E=-6.319662  dE= 0.124755  L_tot=3
  k= 30  E=-6.317423  dE= 0.126994  L_tot=2
  k= 31  E=-6.317320  dE= 0.127097  L_tot=5
  k= 32  E=-6.315339  dE= 0.129078  L_tot=3
  k= 33  E=-6.314315  dE= 0.130102  L_tot=4
  k= 34  E=-6.312367  dE= 0.132050  L_tot=5
  k= 35  E=-6.306291  dE= 0.138126  L_tot=4
  k= 36  E=-6.304905  dE= 0.139512  L_tot=5
  k= 37  E=-6.303226  dE= 0.141191  L_tot=3
  k= 38  E=-6.302355  dE= 0.142062  L_tot=0
  k= 39  E=-6.299480  dE= 0.144937  L_tot=5
  k= 40  E=-6.298197  dE= 0.146220  L_tot=0
  k= 41  E=-6.295144  dE= 0.149272  L_tot=3
  k= 42  E=-6.292912  dE= 0.151504  L_tot=4
  k= 43  E=-6.288854  dE= 0.155563  L_tot=0
  k= 44  E=-6.286528  dE= 0.157889  L_tot=0
  k= 45  E=-6.284120  dE= 0.160297  L_tot=4
  k= 46  E=-6.282984  dE= 0.161433  L_tot=5
  k= 47  E=-6.279542  dE= 0.164875  L_tot=0
  k= 48  E=-6.277570  dE= 0.166847  L_tot=5
  k= 49  E=-6.276767  dE= 0.167650  L_tot=4
  k= 50  E=-6.273259  dE= 0.171158  L_tot=5
  k= 51  E=-6.272236  dE= 0.172181  L_tot=1
  k= 52  E=-6.271758  dE= 0.172658  L_tot=0
  k= 53  E=-6.270068  dE= 0.174349  L_tot=1
  k= 54  E=-6.269913  dE= 0.174503  L_tot=0
  k= 55  E=-6.269251  dE= 0.175165  L_tot=4
  k= 56  E=-6.266110  dE= 0.178307  L_tot=1
  k= 57  E=-6.264882  dE= 0.179535  L_tot=5
  k= 58  E=-6.263546  dE= 0.180870  L_tot=5
  k= 59  E=-6.262476  dE= 0.181941  L_tot=1
  k= 60  E=-6.258462  dE= 0.185954  L_tot=1
  k= 61  E=-6.257395  dE= 0.187021  L_tot=4
  k= 62  E=-6.256280  dE= 0.188136  L_tot=0
  k= 63  E=-6.253505  dE= 0.190912  L_tot=1
  k= 64  E=-6.249220  dE= 0.195197  L_tot=2
  k= 65  E=-6.249004  dE= 0.195413  L_tot=0
  k= 66  E=-6.248660  dE= 0.195756  L_tot=1
  k= 67  E=-6.247620  dE= 0.196797  L_tot=2
  k= 68  E=-6.246184  dE= 0.198233  L_tot=0
  k= 69  E=-6.245974  dE= 0.198443  L_tot=5
  k= 70  E=-6.244405  dE= 0.200012  L_tot=2
  k= 71  E=-6.242626  dE= 0.201791  L_tot=1
  k= 72  E=-6.240459  dE= 0.203958  L_tot=0
  k= 73  E=-6.240022  dE= 0.204395  L_tot=3
  k= 74  E=-6.238020  dE= 0.206397  L_tot=2
  k= 75  E=-6.237897  dE= 0.206519  L_tot=1
  k= 76  E=-6.236719  dE= 0.207698  L_tot=5
  k= 77  E=-6.233075  dE= 0.211342  L_tot=5
  k= 78  E=-6.232303  dE= 0.212113  L_tot=2
  k= 79  E=-6.229787  dE= 0.214630  L_tot=3
  k= 80  E=-6.229504  dE= 0.214913  L_tot=1
  k= 81  E=-6.226752  dE= 0.217665  L_tot=0
  k= 82  E=-6.225274  dE= 0.219142  L_tot=3
  k= 83  E=-6.224620  dE= 0.219797  L_tot=3
  k= 84  E=-6.223825  dE= 0.220592  L_tot=2
  k= 85  E=-6.223706  dE= 0.220711  L_tot=0
  k= 86  E=-6.223556  dE= 0.220861  L_tot=1
  k= 87  E=-6.223046  dE= 0.221370  L_tot=2
  k= 88  E=-6.221103  dE= 0.223314  L_tot=1
  k= 89  E=-6.218398  dE= 0.226019  L_tot=2
  k= 90  E=-6.217224  dE= 0.227193  L_tot=3
  k= 91  E=-6.215993  dE= 0.228423  L_tot=5
  k= 92  E=-6.214260  dE= 0.230157  L_tot=0
  k= 93  E=-6.213419  dE= 0.230998  L_tot=3
  k= 94  E=-6.212848  dE= 0.231569  L_tot=2
  k= 95  E=-6.210292  dE= 0.234124  L_tot=4
  k= 96  E=-6.210274  dE= 0.234142  L_tot=2
  k= 97  E=-6.208738  dE= 0.235679  L_tot=4
  k= 98  E=-6.208380  dE= 0.236037  L_tot=1
  k= 99  E=-6.208183  dE= 0.236234  L_tot=3

Saved data: kagome_disk_nb3_vnn1_vnnn1p5_n100.npz
Saved: kagome_disk_nb3_vnn1_vnnn1p5_n100.png
