[old][1/11] V_nn=0.000  V_nnn=0.000
  diag 7.9s
  Emin=-6.623175  L_ground=3
[old][2/11] V_nn=0.200  V_nnn=0.300
  diag 7.7s
  Emin=-6.518395  L_ground=3
[old][3/11] V_nn=0.400  V_nnn=0.600
  diag 7.7s
  Emin=-6.478260  L_ground=0
[old][4/11] V_nn=0.600  V_nnn=0.900
  diag 7.9s
  Emin=-6.458847  L_ground=3
[old][5/11] V_nn=0.800  V_nnn=1.200
  diag 7.8s
  Emin=-6.451013  L_ground=3
[old][6/11] V_nn=1.000  V_nnn=1.500
  diag 7.7s
  Emin=-6.444417  L_ground=3
[old][7/11] V_nn=1.200  V_nnn=1.800
  diag 7.7s
  Emin=-6.438690  L_ground=3
[old][8/11] V_nn=1.400  V_nnn=2.100
  diag 7.7s
  Emin=-6.433639  L_ground=3
[old][9/11] V_nn=1.600  V_nnn=2.400
  diag 7.7s
  Emin=-6.429137  L_ground=3
[old][10/11] V_nn=1.800  V_nnn=2.700
  diag 7.5s
  Emin=-6.425091  L_ground=3
[old][11/11] V_nn=2.000  V_nnn=3.000
  diag 7.7s
  Emin=-6.421432  L_ground=3
[old] total: 84.9s
  saved: figures/nb3/kagome_disk_nb3_oldtrap_vnnn_1p5vnn_0to2.png
  saved: data/nb3/kagome_disk_nb3_oldtrap_vnnn_1p5vnn_0to2.npz
[new][1/11] V_nn=0.000  V_nnn=0.000
  diag 6.6s
  Emin=-6.381874  L_ground=3
[new][2/11] V_nn=0.200  V_nnn=0.300
  diag 7.5s
  Emin=-6.268682  L_ground=3
[new][3/11] V_nn=0.400  V_nnn=0.600
  diag 7.0s
  Emin=-6.171430  L_ground=3
[new][4/11] V_nn=0.600  V_nnn=0.900
  diag 7.1s
  Emin=-6.110203  L_ground=0
[new][5/11] V_nn=0.800  V_nnn=1.200
  diag 7.1s
  Emin=-6.081844  L_ground=0
[new][6/11] V_nn=1.000  V_nnn=1.500
  diag 7.0s
  Emin=-6.057154  L_ground=0
[new][7/11] V_nn=1.200  V_nnn=1.800
  diag 7.1s
  Emin=-6.035617  L_ground=0
[new][8/11] V_nn=1.400  V_nnn=2.100
  diag 7.1s
  Emin=-6.022464  L_ground=3
[new][9/11] V_nn=1.600  V_nnn=2.400
  diag 7.2s
  Emin=-6.016768  L_ground=3
[new][10/11] V_nn=1.800  V_nnn=2.700
  diag 7.2s
  Emin=-6.011816  L_ground=3
[new][11/11] V_nn=2.000  V_nnn=3.000
  diag 7.3s
  Emin=-6.007421  L_ground=3
[new] total: 78.2s
  saved: figures/nb3/kagome_disk_nb3_newtrap_vnnn_1p5vnn_0to2.png
  saved: data/nb3/kagome_disk_nb3_newtrap_vnnn_1p5vnn_0to2.npz
